2020/09/15 13:07:08 PLANEX_DOWNLOAD.go:119: Server too busy. Please try again later..
2020/09/15 13:07:08 PLANEX_DOWNLOAD.go:119: Server too busy. Please try again later..
2020/09/16 10:53:57 PLANEX_DOWNLOAD.go:131: Server too busy. Please try again later..
2020/09/16 10:53:57 PLANEX_DOWNLOAD.go:131: Server too busy. Please try again later..
2020/09/16 10:53:57 PLANEX_DOWNLOAD.go:131: Server too busy. Please try again later..
2020/09/16 10:53:57 PLANEX_DOWNLOAD.go:131: Server too busy. Please try again later..
2020/09/16 10:53:57 PLANEX_DOWNLOAD.go:131: Server too busy. Please try again later..
2020/09/16 10:53:57 PLANEX_DOWNLOAD.go:131: Server too busy. Please try again later..
2020/09/16 10:53:58 PLANEX_DOWNLOAD.go:149: Server too busy. Please try again later..
2020/09/16 10:53:58 PLANEX_DOWNLOAD.go:149: Server too busy. Please try again later..
2020/09/16 10:53:58 PLANEX_DOWNLOAD.go:149: Server too busy. Please try again later..
2020/09/16 10:53:58 PLANEX_DOWNLOAD.go:149: Server too busy. Please try again later..
2020/09/16 10:53:58 PLANEX_DOWNLOAD.go:149: Server too busy. Please try again later..
2020/09/16 10:53:58 PLANEX_DOWNLOAD.go:149: Server too busy. Please try again later..
2020/09/16 10:53:58 PLANEX_DOWNLOAD.go:149: Server too busy. Please try again later..
2020/09/16 10:53:58 PLANEX_DOWNLOAD.go:149: Server too busy. Please try again later..
2020/09/16 10:53:59 PLANEX_DOWNLOAD.go:131: Server too busy. Please try again later..
2020/09/16 10:53:59 PLANEX_DOWNLOAD.go:131: Server too busy. Please try again later..
2020/09/16 10:53:59 PLANEX_DOWNLOAD.go:131: Server too busy. Please try again later..
2020/09/16 10:53:59 PLANEX_DOWNLOAD.go:131: Server too busy. Please try again later..
2020/09/16 10:53:59 PLANEX_DOWNLOAD.go:131: Server too busy. Please try again later..
2020/09/16 10:53:59 PLANEX_DOWNLOAD.go:131: Server too busy. Please try again later..
2020/09/16 10:53:59 PLANEX_DOWNLOAD.go:131: Server too busy. Please try again later..
2020/09/16 10:54:00 PLANEX_DOWNLOAD.go:149: Server too busy. Please try again later..
2020/09/16 10:54:00 PLANEX_DOWNLOAD.go:149: Server too busy. Please try again later..
2020/09/16 10:54:00 PLANEX_DOWNLOAD.go:149: Server too busy. Please try again later..
2020/09/16 10:54:00 PLANEX_DOWNLOAD.go:149: Server too busy. Please try again later..
2020/09/16 10:54:00 PLANEX_DOWNLOAD.go:149: Server too busy. Please try again later..
2020/09/16 10:54:00 PLANEX_DOWNLOAD.go:149: Server too busy. Please try again later..
2020/09/16 10:54:00 PLANEX_DOWNLOAD.go:149: Server too busy. Please try again later..
2020/09/16 10:54:00 PLANEX_DOWNLOAD.go:149: Server too busy. Please try again later..
2020/09/16 10:54:49 PLANEX_DOWNLOAD.go:149: Server too busy. Please try again later..
2020/09/16 10:54:49 PLANEX_DOWNLOAD.go:149: Server too busy. Please try again later..
2020/09/16 10:54:49 PLANEX_DOWNLOAD.go:149: Server too busy. Please try again later..
2020/09/16 10:54:49 PLANEX_DOWNLOAD.go:149: Server too busy. Please try again later..
2020/09/16 10:54:49 PLANEX_DOWNLOAD.go:149: Server too busy. Please try again later..
2020/09/16 10:54:49 PLANEX_DOWNLOAD.go:149: Server too busy. Please try again later..
2020/09/16 10:54:49 PLANEX_DOWNLOAD.go:149: Server too busy. Please try again later..
2020/09/16 10:54:49 PLANEX_DOWNLOAD.go:149: Server too busy. Please try again later..
2020/09/16 10:54:49 PLANEX_DOWNLOAD.go:149: Server too busy. Please try again later..
2020/09/16 11:13:15 PLANEX_DOWNLOAD.go:130: Server too busy. Please try again later..
2020/09/16 11:17:11 PLANEX_DOWNLOAD.go:128: Server too busy. Please try again later..
2020/09/16 11:17:11 PLANEX_DOWNLOAD.go:128: Server too busy. Please try again later..
2020/09/16 11:17:11 PLANEX_DOWNLOAD.go:128: Server too busy. Please try again later..
2020/09/16 11:42:27 PLANEX_DOWNLOAD.go:128: Server too busy. Please try again later..
2020/09/16 11:42:27 PLANEX_DOWNLOAD.go:128: Server too busy. Please try again later..
2020/09/16 11:42:27 PLANEX_DOWNLOAD.go:128: Server too busy. Please try again later..
2020/09/16 11:42:27 PLANEX_DOWNLOAD.go:128: Server too busy. Please try again later..
2020/09/16 11:42:45 PLANEX_DOWNLOAD.go:128: Server too busy. Please try again later..
2020/09/16 11:42:45 PLANEX_DOWNLOAD.go:128: Server too busy. Please try again later..
2020/09/16 11:45:08 PLANEX_DOWNLOAD.go:128: Server too busy. Please try again later..
2020/09/16 11:45:08 PLANEX_DOWNLOAD.go:128: Server too busy. Please try again later..
2020/09/16 11:47:22 PLANEX_DOWNLOAD.go:129: Server too busy. Please try again later..
2020/09/16 11:47:22 PLANEX_DOWNLOAD.go:129: Server too busy. Please try again later..
2020/09/16 11:47:22 PLANEX_DOWNLOAD.go:129: Server too busy. Please try again later..
2020/09/16 11:47:22 PLANEX_DOWNLOAD.go:129: Server too busy. Please try again later..
2020/09/16 11:47:22 PLANEX_DOWNLOAD.go:129: Server too busy. Please try again later..
2020/09/16 11:47:22 PLANEX_DOWNLOAD.go:129: Server too busy. Please try again later..
2020/09/16 11:52:51 PLANEX_DOWNLOAD.go:130: Server too busy. Please try again later..
2020/09/16 11:52:51 PLANEX_DOWNLOAD.go:130: Server too busy. Please try again later..
2020/09/16 11:52:51 PLANEX_DOWNLOAD.go:130: Server too busy. Please try again later..
2020/09/16 11:52:51 PLANEX_DOWNLOAD.go:130: Server too busy. Please try again later..
2020/09/16 13:06:37 PLANEX_DOWNLOAD.go:130: Server too busy. Please try again later..
2020/09/16 13:06:37 PLANEX_DOWNLOAD.go:130: Server too busy. Please try again later..
2020/09/16 13:06:37 PLANEX_DOWNLOAD.go:130: Server too busy. Please try again later..
2020/09/16 13:28:32 PLANEX_DOWNLOAD.go:130: Server too busy. Please try again later..
2020/09/16 13:28:33 PLANEX_DOWNLOAD.go:130: Server too busy. Please try again later..
2020/09/16 13:43:45 PLANEX_DOWNLOAD.go:131: Server too busy. Please try again later..
2020/09/16 13:43:45 PLANEX_DOWNLOAD.go:131: Server too busy. Please try again later..
2020/09/16 13:43:45 PLANEX_DOWNLOAD.go:131: Server too busy. Please try again later..
2020/09/16 13:43:45 PLANEX_DOWNLOAD.go:131: Server too busy. Please try again later..
2020/09/16 13:43:45 PLANEX_DOWNLOAD.go:131: Server too busy. Please try again later..
2020/09/16 13:43:45 PLANEX_DOWNLOAD.go:131: Server too busy. Please try again later..
2020/09/16 13:45:33 PLANEX_DOWNLOAD.go:131: Server too busy. Please try again later..
2020/09/16 13:45:34 PLANEX_DOWNLOAD.go:131: Server too busy. Please try again later..
2020/09/16 13:45:34 PLANEX_DOWNLOAD.go:131: Server too busy. Please try again later..
2020/09/16 13:45:34 PLANEX_DOWNLOAD.go:131: Server too busy. Please try again later..
2020/09/16 13:45:34 PLANEX_DOWNLOAD.go:131: Server too busy. Please try again later..
2020/09/16 13:45:34 PLANEX_DOWNLOAD.go:131: Server too busy. Please try again later..
2020/09/16 13:45:34 PLANEX_DOWNLOAD.go:131: Server too busy. Please try again later..
2020/09/16 13:45:34 PLANEX_DOWNLOAD.go:131: Server too busy. Please try again later..
2020/09/16 13:45:34 PLANEX_DOWNLOAD.go:131: Server too busy. Please try again later..
2020/09/16 13:45:34 PLANEX_DOWNLOAD.go:131: Server too busy. Please try again later..
2020/09/16 14:06:51 PLANEX_DOWNLOAD.go:133: Server too busy. Please try again later..
2020/09/16 14:14:21 PLANEX_DOWNLOAD.go:133: Server too busy. Please try again later..
2020/09/16 14:14:21 PLANEX_DOWNLOAD.go:133: Server too busy. Please try again later..
2020/09/16 14:14:21 PLANEX_DOWNLOAD.go:133: Server too busy. Please try again later..
2020/09/16 14:14:21 PLANEX_DOWNLOAD.go:133: Server too busy. Please try again later..
2020/09/16 14:14:21 PLANEX_DOWNLOAD.go:133: Server too busy. Please try again later..
2020/09/16 14:16:30 PLANEX_DOWNLOAD.go:133: Server too busy. Please try again later..
2020/09/16 14:16:30 PLANEX_DOWNLOAD.go:133: Server too busy. Please try again later..
2020/09/16 14:16:30 PLANEX_DOWNLOAD.go:133: Server too busy. Please try again later..
2020/09/16 14:16:30 PLANEX_DOWNLOAD.go:133: Server too busy. Please try again later..
2020/09/16 14:16:30 PLANEX_DOWNLOAD.go:133: Server too busy. Please try again later..
2020/09/16 14:16:30 PLANEX_DOWNLOAD.go:133: Server too busy. Please try again later..
2020/09/16 14:16:30 PLANEX_DOWNLOAD.go:133: Server too busy. Please try again later..
2020/09/16 14:21:26 PLANEX_DOWNLOAD.go:133: Server too busy. Please try again later..
2020/09/16 14:26:09 PLANEX_DOWNLOAD.go:133: Server too busy. Please try again later..
2020/09/16 14:26:09 PLANEX_DOWNLOAD.go:133: Server too busy. Please try again later..
2020/09/16 14:26:09 PLANEX_DOWNLOAD.go:133: Server too busy. Please try again later..
2020/09/16 14:26:09 PLANEX_DOWNLOAD.go:133: Server too busy. Please try again later..
2020/09/16 14:26:09 PLANEX_DOWNLOAD.go:133: Server too busy. Please try again later..
2020/09/16 14:26:09 PLANEX_DOWNLOAD.go:133: Server too busy. Please try again later..
2020/09/16 14:26:09 PLANEX_DOWNLOAD.go:133: Server too busy. Please try again later..
2020/09/16 14:40:36 PLANEX_DOWNLOAD.go:133: Server too busy. Please try again later..
2020/09/16 14:40:36 PLANEX_DOWNLOAD.go:133: Server too busy. Please try again later..
2020/09/16 14:40:36 PLANEX_DOWNLOAD.go:133: Server too busy. Please try again later..
2020/09/16 14:40:37 PLANEX_DOWNLOAD.go:133: Server too busy. Please try again later..
2020/09/16 14:40:37 PLANEX_DOWNLOAD.go:133: Server too busy. Please try again later..
2020/09/16 14:40:37 PLANEX_DOWNLOAD.go:133: Server too busy. Please try again later..
2020/09/16 14:40:37 PLANEX_DOWNLOAD.go:133: Server too busy. Please try again later..
2020/09/16 14:40:37 PLANEX_DOWNLOAD.go:133: Server too busy. Please try again later..
2020/09/16 14:40:38 PLANEX_DOWNLOAD.go:133: Server too busy. Please try again later..
2020/09/16 14:40:38 PLANEX_DOWNLOAD.go:133: Server too busy. Please try again later..
2020/09/16 14:40:38 PLANEX_DOWNLOAD.go:133: Server too busy. Please try again later..
2020/09/16 14:41:14 PLANEX_DOWNLOAD.go:133: Server too busy. Please try again later..
2020/09/16 14:41:14 PLANEX_DOWNLOAD.go:133: Server too busy. Please try again later..
2020/09/16 14:41:14 PLANEX_DOWNLOAD.go:133: Server too busy. Please try again later..
2020/09/16 14:41:14 PLANEX_DOWNLOAD.go:133: Server too busy. Please try again later..
2020/09/16 14:41:14 PLANEX_DOWNLOAD.go:133: Server too busy. Please try again later..
2020/09/16 14:43:31 PLANEX_DOWNLOAD.go:133: Server too busy. Please try again later..
2020/09/16 14:43:31 PLANEX_DOWNLOAD.go:133: Server too busy. Please try again later..
2020/09/16 14:43:32 PLANEX_DOWNLOAD.go:133: Server too busy. Please try again later..
2020/09/16 14:58:20 PLANEX_DOWNLOAD.go:132: Server too busy. Please try again later..
2020/09/16 14:58:20 PLANEX_DOWNLOAD.go:132: Server too busy. Please try again later..
2020/09/16 14:58:20 PLANEX_DOWNLOAD.go:132: Server too busy. Please try again later..
2020/09/16 14:58:20 PLANEX_DOWNLOAD.go:132: Server too busy. Please try again later..
2020/09/16 14:58:20 PLANEX_DOWNLOAD.go:132: Server too busy. Please try again later..
2020/09/16 14:58:21 PLANEX_DOWNLOAD.go:132: Server too busy. Please try again later..
2020/09/16 14:58:21 PLANEX_DOWNLOAD.go:132: Server too busy. Please try again later..
2020/09/16 14:58:21 PLANEX_DOWNLOAD.go:132: Server too busy. Please try again later..
2020/09/16 14:58:21 PLANEX_DOWNLOAD.go:132: Server too busy. Please try again later..
2020/09/16 14:58:21 PLANEX_DOWNLOAD.go:132: Server too busy. Please try again later..
2020/09/16 15:01:50 PLANEX_DOWNLOAD.go:132: Server too busy. Please try again later..
2020/09/16 15:01:50 PLANEX_DOWNLOAD.go:132: Server too busy. Please try again later..
2020/09/16 15:01:50 PLANEX_DOWNLOAD.go:132: Server too busy. Please try again later..
2020/09/16 15:01:50 PLANEX_DOWNLOAD.go:132: Server too busy. Please try again later..
2020/09/16 15:01:50 PLANEX_DOWNLOAD.go:132: Server too busy. Please try again later..
2020/09/16 15:01:50 PLANEX_DOWNLOAD.go:132: Server too busy. Please try again later..
2020/09/16 15:01:50 PLANEX_DOWNLOAD.go:132: Server too busy. Please try again later..
2020/09/16 15:08:15 PLANEX_DOWNLOAD.go:132: Server too busy. Please try again later..
2020/09/16 15:08:15 PLANEX_DOWNLOAD.go:132: Server too busy. Please try again later..
2020/09/16 15:09:17 PLANEX_DOWNLOAD.go:132: Server too busy. Please try again later..
2020/09/16 15:09:17 PLANEX_DOWNLOAD.go:132: Server too busy. Please try again later..
2020/09/16 15:09:17 PLANEX_DOWNLOAD.go:132: Server too busy. Please try again later..
2020/09/16 15:09:17 PLANEX_DOWNLOAD.go:132: Server too busy. Please try again later..
2020/09/16 15:09:17 PLANEX_DOWNLOAD.go:132: Server too busy. Please try again later..
2020/09/16 15:09:17 PLANEX_DOWNLOAD.go:132: Server too busy. Please try again later..
2020/09/16 15:09:18 PLANEX_DOWNLOAD.go:132: Server too busy. Please try again later..
2020/09/16 15:09:18 PLANEX_DOWNLOAD.go:132: Server too busy. Please try again later..
2020/09/16 15:09:18 PLANEX_DOWNLOAD.go:132: Server too busy. Please try again later..
2020/09/16 15:09:18 PLANEX_DOWNLOAD.go:132: Server too busy. Please try again later..
2020/09/16 15:09:18 PLANEX_DOWNLOAD.go:132: Server too busy. Please try again later..
2020/09/16 15:09:18 PLANEX_DOWNLOAD.go:132: Server too busy. Please try again later..
2020/09/16 15:09:18 PLANEX_DOWNLOAD.go:132: Server too busy. Please try again later..
2020/09/16 15:09:18 PLANEX_DOWNLOAD.go:132: Server too busy. Please try again later..
2020/09/16 15:09:55 PLANEX_DOWNLOAD.go:132: Server too busy. Please try again later..
2020/09/16 15:09:55 PLANEX_DOWNLOAD.go:132: Server too busy. Please try again later..
2020/09/16 15:09:55 PLANEX_DOWNLOAD.go:132: Server too busy. Please try again later..
2020/09/16 15:09:55 PLANEX_DOWNLOAD.go:132: Server too busy. Please try again later..
2020/09/16 15:09:55 PLANEX_DOWNLOAD.go:132: Server too busy. Please try again later..
2020/09/16 15:09:55 PLANEX_DOWNLOAD.go:132: Server too busy. Please try again later..
2020/09/16 15:09:55 PLANEX_DOWNLOAD.go:132: Server too busy. Please try again later..
2020/09/16 15:09:55 PLANEX_DOWNLOAD.go:132: Server too busy. Please try again later..
2020/09/16 15:09:55 PLANEX_DOWNLOAD.go:132: Server too busy. Please try again later..
2020/09/16 15:11:49 PLANEX_DOWNLOAD.go:132: Server too busy. Please try again later..
2020/09/16 15:11:49 PLANEX_DOWNLOAD.go:132: Server too busy. Please try again later..
2020/09/16 15:11:49 PLANEX_DOWNLOAD.go:132: Server too busy. Please try again later..
2020/09/16 15:11:50 PLANEX_DOWNLOAD.go:132: Server too busy. Please try again later..
2020/09/16 15:11:50 PLANEX_DOWNLOAD.go:132: Server too busy. Please try again later..
2020/09/16 15:11:50 PLANEX_DOWNLOAD.go:132: Server too busy. Please try again later..
2020/09/16 15:11:50 PLANEX_DOWNLOAD.go:132: Server too busy. Please try again later..
2020/09/16 15:11:50 PLANEX_DOWNLOAD.go:132: Server too busy. Please try again later..
2020/09/16 15:11:50 PLANEX_DOWNLOAD.go:132: Server too busy. Please try again later..
2020/09/16 15:11:50 PLANEX_DOWNLOAD.go:132: Server too busy. Please try again later..
2020/09/16 15:11:50 PLANEX_DOWNLOAD.go:132: Server too busy. Please try again later..
2020/09/16 15:11:50 PLANEX_DOWNLOAD.go:132: Server too busy. Please try again later..
2020/09/16 15:14:22 PLANEX_DOWNLOAD.go:132: Server too busy. Please try again later..
2020/09/16 15:14:22 PLANEX_DOWNLOAD.go:132: Server too busy. Please try again later..
2020/09/16 15:14:22 PLANEX_DOWNLOAD.go:132: Server too busy. Please try again later..
2020/09/16 15:14:22 PLANEX_DOWNLOAD.go:132: Server too busy. Please try again later..
2020/09/16 15:51:34 PLANEX_DOWNLOAD.go:133: Server too busy. Please try again later..
2020/09/16 15:51:34 PLANEX_DOWNLOAD.go:133: Server too busy. Please try again later..
2020/09/16 15:51:34 PLANEX_DOWNLOAD.go:133: Server too busy. Please try again later..
2020/09/16 16:00:59 PLANEX_DOWNLOAD.go:133: Server too busy. Please try again later..
2020/09/16 16:00:59 PLANEX_DOWNLOAD.go:133: Server too busy. Please try again later..
2020/09/16 16:00:59 PLANEX_DOWNLOAD.go:133: Server too busy. Please try again later..
2020/09/16 16:00:59 PLANEX_DOWNLOAD.go:133: Server too busy. Please try again later..
2020/09/16 16:00:59 PLANEX_DOWNLOAD.go:133: Server too busy. Please try again later..
2020/09/16 16:02:45 PLANEX_DOWNLOAD.go:132: Server too busy. Please try again later..
2020/09/16 16:02:45 PLANEX_DOWNLOAD.go:132: Server too busy. Please try again later..
2020/09/16 16:04:04 PLANEX_DOWNLOAD.go:132: Server too busy. Please try again later..
2020/09/16 16:04:04 PLANEX_DOWNLOAD.go:132: Server too busy. Please try again later..
2020/09/16 16:04:04 PLANEX_DOWNLOAD.go:132: Server too busy. Please try again later..
2020/09/16 16:04:04 PLANEX_DOWNLOAD.go:132: Server too busy. Please try again later..
2020/09/16 16:04:04 PLANEX_DOWNLOAD.go:132: Server too busy. Please try again later..
2020/09/16 16:08:27 PLANEX_DOWNLOAD.go:132: Server too busy. Please try again later..
2020/09/16 16:08:27 PLANEX_DOWNLOAD.go:132: Server too busy. Please try again later..
2020/09/16 16:09:51 PLANEX_DOWNLOAD.go:132: Server too busy. Please try again later..
2020/09/16 16:09:51 PLANEX_DOWNLOAD.go:132: Server too busy. Please try again later..
2020/09/16 16:09:51 PLANEX_DOWNLOAD.go:132: Server too busy. Please try again later..
2020/09/16 16:09:51 PLANEX_DOWNLOAD.go:132: Server too busy. Please try again later..
2020/09/16 16:12:44 PLANEX_DOWNLOAD.go:124: Server too busy. Please try again later..
2020/09/16 16:12:44 PLANEX_DOWNLOAD.go:124: Server too busy. Please try again later..
2020/09/16 16:12:44 PLANEX_DOWNLOAD.go:124: Server too busy. Please try again later..
2020/09/16 16:12:44 PLANEX_DOWNLOAD.go:124: Server too busy. Please try again later..
2020/09/16 16:18:25 PLANEX_DOWNLOAD.go:124: Server too busy. Please try again later..
2020/09/16 16:18:25 PLANEX_DOWNLOAD.go:124: Server too busy. Please try again later..
2020/09/16 16:18:25 PLANEX_DOWNLOAD.go:124: Server too busy. Please try again later..
2020/09/16 16:18:25 PLANEX_DOWNLOAD.go:124: Server too busy. Please try again later..
2020/09/16 16:18:25 PLANEX_DOWNLOAD.go:124: Server too busy. Please try again later..
2020/09/16 16:18:25 PLANEX_DOWNLOAD.go:124: Server too busy. Please try again later..
2020/09/16 16:18:25 PLANEX_DOWNLOAD.go:124: Server too busy. Please try again later..
2020/09/16 16:18:25 PLANEX_DOWNLOAD.go:124: Server too busy. Please try again later..
2020/09/16 16:18:50 PLANEX_DOWNLOAD.go:124: Server too busy. Please try again later..
2020/09/16 16:18:50 PLANEX_DOWNLOAD.go:124: Server too busy. Please try again later..
2020/09/16 16:18:50 PLANEX_DOWNLOAD.go:124: Server too busy. Please try again later..
2020/09/16 16:18:50 PLANEX_DOWNLOAD.go:124: Server too busy. Please try again later..
2020/09/16 16:18:50 PLANEX_DOWNLOAD.go:124: Server too busy. Please try again later..
2020/09/16 16:18:51 PLANEX_DOWNLOAD.go:124: Server too busy. Please try again later..
2020/09/16 16:18:51 PLANEX_DOWNLOAD.go:124: Server too busy. Please try again later..
2020/09/16 16:18:51 PLANEX_DOWNLOAD.go:124: Server too busy. Please try again later..
2020/09/16 16:18:51 PLANEX_DOWNLOAD.go:124: Server too busy. Please try again later..
2020/09/16 16:18:51 PLANEX_DOWNLOAD.go:124: Server too busy. Please try again later..
2020/09/16 16:20:57 PLANEX_DOWNLOAD.go:124: Server too busy. Please try again later..
2020/09/16 16:20:57 PLANEX_DOWNLOAD.go:124: Server too busy. Please try again later..
2020/09/16 16:20:57 PLANEX_DOWNLOAD.go:124: Server too busy. Please try again later..
2020/09/16 16:20:57 PLANEX_DOWNLOAD.go:124: Server too busy. Please try again later..
2020/09/16 16:20:57 PLANEX_DOWNLOAD.go:124: Server too busy. Please try again later..
2020/09/16 16:32:39 PLANEX_DOWNLOAD.go:124: Server too busy. Please try again later..
2020/09/16 16:32:39 PLANEX_DOWNLOAD.go:124: Server too busy. Please try again later..
2020/09/16 16:32:39 PLANEX_DOWNLOAD.go:124: Server too busy. Please try again later..
2020/09/16 16:32:39 PLANEX_DOWNLOAD.go:124: Server too busy. Please try again later..
2020/09/16 16:32:39 PLANEX_DOWNLOAD.go:124: Server too busy. Please try again later..
2020/09/16 16:39:50 PLANEX_DOWNLOAD.go:125: Server too busy. Please try again later..
2020/09/16 16:44:06 PLANEX_DOWNLOAD.go:125: Server too busy. Please try again later..
2020/09/16 16:44:06 PLANEX_DOWNLOAD.go:125: Server too busy. Please try again later..
2020/09/16 16:44:06 PLANEX_DOWNLOAD.go:125: Server too busy. Please try again later..
2020/09/16 16:44:06 PLANEX_DOWNLOAD.go:125: Server too busy. Please try again later..
2020/09/16 16:44:06 PLANEX_DOWNLOAD.go:125: Server too busy. Please try again later..
2020/09/16 16:44:06 PLANEX_DOWNLOAD.go:125: Server too busy. Please try again later..
2020/09/16 16:59:22 PLANEX_DOWNLOAD.go:125: Server too busy. Please try again later..
2020/09/16 16:59:22 PLANEX_DOWNLOAD.go:125: Server too busy. Please try again later..
2020/09/16 16:59:22 PLANEX_DOWNLOAD.go:125: Server too busy. Please try again later..
2020/09/16 16:59:22 PLANEX_DOWNLOAD.go:125: Server too busy. Please try again later..
2020/09/16 16:59:22 PLANEX_DOWNLOAD.go:125: Server too busy. Please try again later..
2020/09/16 16:59:22 PLANEX_DOWNLOAD.go:125: Server too busy. Please try again later..
2020/09/16 17:19:31 PLANEX_DOWNLOAD.go:147: json: cannot unmarshal array into Go value of type main.jsonstruct
2020/09/16 17:19:42 PLANEX_DOWNLOAD.go:147: json: cannot unmarshal array into Go value of type main.jsonstruct
2020/09/16 17:20:28 PLANEX_DOWNLOAD.go:128: Server too busy. Please try again later..
2020/09/16 17:20:28 PLANEX_DOWNLOAD.go:128: Server too busy. Please try again later..
2020/09/16 17:20:28 PLANEX_DOWNLOAD.go:128: Server too busy. Please try again later..
2020/09/16 17:20:28 PLANEX_DOWNLOAD.go:128: Server too busy. Please try again later..
2020/09/16 17:20:28 PLANEX_DOWNLOAD.go:128: Server too busy. Please try again later..
2020/09/16 17:20:28 PLANEX_DOWNLOAD.go:128: Server too busy. Please try again later..
2020/09/16 17:20:29 PLANEX_DOWNLOAD.go:147: json: cannot unmarshal array into Go value of type main.jsonstruct
2020/09/16 17:25:34 PLANEX_DOWNLOAD.go:143: json: cannot unmarshal array into Go value of type map[string]interface {}
2020/09/16 17:26:01 PLANEX_DOWNLOAD.go:124: Server too busy. Please try again later..
2020/09/16 17:26:01 PLANEX_DOWNLOAD.go:124: Server too busy. Please try again later..
2020/09/16 17:26:01 PLANEX_DOWNLOAD.go:124: Server too busy. Please try again later..
2020/09/16 17:26:01 PLANEX_DOWNLOAD.go:124: Server too busy. Please try again later..
2020/09/16 17:34:05 PLANEX_DOWNLOAD.go:123: Server too busy. Please try again later..
2020/09/16 17:34:05 PLANEX_DOWNLOAD.go:123: Server too busy. Please try again later..
2020/09/16 17:34:06 PLANEX_DOWNLOAD.go:123: Server too busy. Please try again later..
2020/09/16 17:34:06 PLANEX_DOWNLOAD.go:123: Server too busy. Please try again later..
2020/09/16 17:34:06 PLANEX_DOWNLOAD.go:123: Server too busy. Please try again later..
2020/09/16 17:34:06 PLANEX_DOWNLOAD.go:123: Server too busy. Please try again later..
2020/09/16 17:34:06 PLANEX_DOWNLOAD.go:123: Server too busy. Please try again later..
2020/09/16 17:34:06 PLANEX_DOWNLOAD.go:123: Server too busy. Please try again later..
2020/09/16 17:34:06 PLANEX_DOWNLOAD.go:123: Server too busy. Please try again later..
2020/09/16 17:34:06 PLANEX_DOWNLOAD.go:123: Server too busy. Please try again later..
2020/09/16 17:34:07 PLANEX_DOWNLOAD.go:123: Server too busy. Please try again later..
2020/09/16 17:34:07 PLANEX_DOWNLOAD.go:123: Server too busy. Please try again later..
2020/09/16 17:34:07 PLANEX_DOWNLOAD.go:123: Server too busy. Please try again later..
2020/09/16 17:34:07 PLANEX_DOWNLOAD.go:123: Server too busy. Please try again later..
2020/09/16 17:34:07 PLANEX_DOWNLOAD.go:123: Server too busy. Please try again later..
2020/09/16 17:34:07 PLANEX_DOWNLOAD.go:123: Server too busy. Please try again later..
2020/09/16 17:34:07 PLANEX_DOWNLOAD.go:123: Server too busy. Please try again later..
2020/09/16 20:20:59 PLANEX_DOWNLOAD.go:124: Server too busy. Please try again later..
2020/09/16 20:20:59 PLANEX_DOWNLOAD.go:124: Server too busy. Please try again later..
2020/09/16 20:20:59 PLANEX_DOWNLOAD.go:124: Server too busy. Please try again later..
2020/09/16 20:20:59 PLANEX_DOWNLOAD.go:124: Server too busy. Please try again later..
2020/09/16 20:20:59 PLANEX_DOWNLOAD.go:124: Server too busy. Please try again later..
2020/09/16 20:20:59 PLANEX_DOWNLOAD.go:124: Server too busy. Please try again later..
2020/09/16 20:21:01 PLANEX_DOWNLOAD.go:124: Server too busy. Please try again later..
2020/09/16 20:21:01 PLANEX_DOWNLOAD.go:124: Server too busy. Please try again later..
2020/09/16 20:21:01 PLANEX_DOWNLOAD.go:124: Server too busy. Please try again later..
2020/09/16 20:21:01 PLANEX_DOWNLOAD.go:124: Server too busy. Please try again later..
2020/09/16 20:24:11 PLANEX_DOWNLOAD.go:134: json: cannot unmarshal array into Go value of type uint8
2020/09/16 20:24:42 PLANEX_DOWNLOAD.go:123: Server too busy. Please try again later..
2020/09/16 20:24:42 PLANEX_DOWNLOAD.go:134: json: cannot unmarshal array into Go value of type uint8
2020/09/16 20:24:53 PLANEX_DOWNLOAD.go:134: json: cannot unmarshal array into Go value of type string
2020/09/16 20:31:11 PLANEX_DOWNLOAD.go:125: Server too busy. Please try again later..
2020/09/16 20:31:12 PLANEX_DOWNLOAD.go:125: Server too busy. Please try again later..
2020/09/16 20:31:12 PLANEX_DOWNLOAD.go:125: Server too busy. Please try again later..
2020/09/16 20:31:12 PLANEX_DOWNLOAD.go:125: Server too busy. Please try again later..
2020/09/16 20:31:12 PLANEX_DOWNLOAD.go:125: Server too busy. Please try again later..
2020/09/16 20:31:12 PLANEX_DOWNLOAD.go:125: Server too busy. Please try again later..
2020/09/16 20:31:12 PLANEX_DOWNLOAD.go:125: Server too busy. Please try again later..
2020/09/16 20:31:12 PLANEX_DOWNLOAD.go:125: Server too busy. Please try again later..
2020/09/16 20:31:12 PLANEX_DOWNLOAD.go:125: Server too busy. Please try again later..
2020/09/16 20:31:12 PLANEX_DOWNLOAD.go:125: Server too busy. Please try again later..
2020/09/16 20:31:12 PLANEX_DOWNLOAD.go:47: apireturn is timeout!
2020/09/16 20:31:17 PLANEX_DOWNLOAD.go:125: Server too busy. Please try again later..
2020/09/16 20:31:17 PLANEX_DOWNLOAD.go:125: Server too busy. Please try again later..
2020/09/16 20:32:08 PLANEX_DOWNLOAD.go:125: Server too busy. Please try again later..
2020/09/16 20:32:08 PLANEX_DOWNLOAD.go:125: Server too busy. Please try again later..
2020/09/16 20:32:08 PLANEX_DOWNLOAD.go:125: Server too busy. Please try again later..
2020/09/16 20:32:08 PLANEX_DOWNLOAD.go:125: Server too busy. Please try again later..
2020/09/16 20:32:08 PLANEX_DOWNLOAD.go:125: Server too busy. Please try again later..
2020/09/16 20:33:09 PLANEX_DOWNLOAD.go:125: Server too busy. Please try again later..
2020/09/16 20:33:09 PLANEX_DOWNLOAD.go:125: Server too busy. Please try again later..
2020/09/16 20:33:09 PLANEX_DOWNLOAD.go:125: Server too busy. Please try again later..
2020/09/16 20:33:10 PLANEX_DOWNLOAD.go:125: Server too busy. Please try again later..
2020/09/16 20:33:10 PLANEX_DOWNLOAD.go:125: Server too busy. Please try again later..
2020/09/16 20:33:10 PLANEX_DOWNLOAD.go:125: Server too busy. Please try again later..
2020/09/16 20:33:10 PLANEX_DOWNLOAD.go:125: Server too busy. Please try again later..
2020/09/16 20:33:10 PLANEX_DOWNLOAD.go:125: Server too busy. Please try again later..
2020/09/16 20:33:10 PLANEX_DOWNLOAD.go:125: Server too busy. Please try again later..
2020/09/16 20:33:10 PLANEX_DOWNLOAD.go:125: Server too busy. Please try again later..
2020/09/16 20:33:10 PLANEX_DOWNLOAD.go:47: apireturn is timeout!
2020/09/16 20:33:13 PLANEX_DOWNLOAD.go:125: Server too busy. Please try again later..
2020/09/16 20:33:13 PLANEX_DOWNLOAD.go:125: Server too busy. Please try again later..
2020/09/16 20:33:13 PLANEX_DOWNLOAD.go:125: Server too busy. Please try again later..
2020/09/16 20:33:13 PLANEX_DOWNLOAD.go:125: Server too busy. Please try again later..
2020/09/16 20:33:13 PLANEX_DOWNLOAD.go:125: Server too busy. Please try again later..
2020/09/16 20:33:13 PLANEX_DOWNLOAD.go:125: Server too busy. Please try again later..
2020/09/16 20:39:33 PLANEX_DOWNLOAD.go:125: Server too busy. Please try again later..
2020/09/16 20:39:33 PLANEX_DOWNLOAD.go:125: Server too busy. Please try again later..
2020/09/16 20:39:33 PLANEX_DOWNLOAD.go:125: Server too busy. Please try again later..
2020/09/16 20:39:33 PLANEX_DOWNLOAD.go:125: Server too busy. Please try again later..
2020/09/16 20:39:33 PLANEX_DOWNLOAD.go:125: Server too busy. Please try again later..
2020/09/16 20:39:33 PLANEX_DOWNLOAD.go:125: Server too busy. Please try again later..
2020/09/16 20:39:33 PLANEX_DOWNLOAD.go:125: Server too busy. Please try again later..
2020/09/16 20:39:33 PLANEX_DOWNLOAD.go:125: Server too busy. Please try again later..
2020/09/16 20:39:33 PLANEX_DOWNLOAD.go:125: Server too busy. Please try again later..
2020/09/16 20:39:33 PLANEX_DOWNLOAD.go:125: Server too busy. Please try again later..
2020/09/16 20:48:19 PLANEX_DOWNLOAD.go:125: Server too busy. Please try again later..
2020/09/16 20:48:19 PLANEX_DOWNLOAD.go:125: Server too busy. Please try again later..
2020/09/16 20:48:19 PLANEX_DOWNLOAD.go:125: Server too busy. Please try again later..
2020/09/16 20:51:23 PLANEX_DOWNLOAD.go:125: Server too busy. Please try again later..
2020/09/16 20:51:23 PLANEX_DOWNLOAD.go:125: Server too busy. Please try again later..
2020/09/16 20:51:23 PLANEX_DOWNLOAD.go:125: Server too busy. Please try again later..
2020/09/16 20:51:23 PLANEX_DOWNLOAD.go:125: Server too busy. Please try again later..
2020/09/16 20:51:23 PLANEX_DOWNLOAD.go:125: Server too busy. Please try again later..
2020/09/16 20:51:23 PLANEX_DOWNLOAD.go:125: Server too busy. Please try again later..
2020/09/16 20:51:23 PLANEX_DOWNLOAD.go:125: Server too busy. Please try again later..
2020/09/16 20:51:23 PLANEX_DOWNLOAD.go:125: Server too busy. Please try again later..
2020/09/16 20:51:23 PLANEX_DOWNLOAD.go:125: Server too busy. Please try again later..
2020/09/16 20:51:23 PLANEX_DOWNLOAD.go:125: Server too busy. Please try again later..
2020/09/16 20:52:01 PLANEX_DOWNLOAD.go:125: Server too busy. Please try again later..
2020/09/16 20:52:01 PLANEX_DOWNLOAD.go:125: Server too busy. Please try again later..
2020/09/16 20:52:01 PLANEX_DOWNLOAD.go:125: Server too busy. Please try again later..
2020/09/16 20:52:01 PLANEX_DOWNLOAD.go:125: Server too busy. Please try again later..
2020/09/16 20:52:01 PLANEX_DOWNLOAD.go:125: Server too busy. Please try again later..
2020/09/16 20:52:01 PLANEX_DOWNLOAD.go:125: Server too busy. Please try again later..
2020/09/16 20:52:01 PLANEX_DOWNLOAD.go:125: Server too busy. Please try again later..
2020/09/16 20:52:02 PLANEX_DOWNLOAD.go:125: Server too busy. Please try again later..
2020/09/16 20:52:02 PLANEX_DOWNLOAD.go:125: Server too busy. Please try again later..
2020/09/16 20:52:02 PLANEX_DOWNLOAD.go:125: Server too busy. Please try again later..
2020/09/16 20:52:02 PLANEX_DOWNLOAD.go:125: Server too busy. Please try again later..
2020/09/16 20:52:02 PLANEX_DOWNLOAD.go:125: Server too busy. Please try again later..
2020/09/16 20:52:02 PLANEX_DOWNLOAD.go:47: apireturn is timeout!
2020/09/16 20:52:04 PLANEX_DOWNLOAD.go:125: Server too busy. Please try again later..
2020/09/16 20:52:04 PLANEX_DOWNLOAD.go:125: Server too busy. Please try again later..
2020/09/16 20:52:04 PLANEX_DOWNLOAD.go:125: Server too busy. Please try again later..
2020/09/16 20:52:05 PLANEX_DOWNLOAD.go:125: Server too busy. Please try again later..
2020/09/16 20:52:05 PLANEX_DOWNLOAD.go:125: Server too busy. Please try again later..
2020/09/16 20:52:05 PLANEX_DOWNLOAD.go:125: Server too busy. Please try again later..
2020/09/16 20:52:05 PLANEX_DOWNLOAD.go:125: Server too busy. Please try again later..
2020/09/16 20:52:05 PLANEX_DOWNLOAD.go:125: Server too busy. Please try again later..
2020/09/16 20:52:05 PLANEX_DOWNLOAD.go:125: Server too busy. Please try again later..
2020/09/16 20:52:05 PLANEX_DOWNLOAD.go:125: Server too busy. Please try again later..
2020/09/16 20:52:05 PLANEX_DOWNLOAD.go:47: apireturn is timeout!
2020/09/16 20:52:06 PLANEX_DOWNLOAD.go:125: Server too busy. Please try again later..
2020/09/16 20:52:06 PLANEX_DOWNLOAD.go:125: Server too busy. Please try again later..
2020/09/16 20:52:06 PLANEX_DOWNLOAD.go:125: Server too busy. Please try again later..
2020/09/16 20:52:06 PLANEX_DOWNLOAD.go:125: Server too busy. Please try again later..
2020/09/16 20:52:06 PLANEX_DOWNLOAD.go:125: Server too busy. Please try again later..
2020/09/16 20:52:06 PLANEX_DOWNLOAD.go:125: Server too busy. Please try again later..
2020/09/16 20:52:07 PLANEX_DOWNLOAD.go:125: Server too busy. Please try again later..
2020/09/16 20:52:07 PLANEX_DOWNLOAD.go:125: Server too busy. Please try again later..
2020/09/16 20:52:07 PLANEX_DOWNLOAD.go:125: Server too busy. Please try again later..
2020/09/16 20:52:07 PLANEX_DOWNLOAD.go:125: Server too busy. Please try again later..
2020/09/16 20:52:07 PLANEX_DOWNLOAD.go:125: Server too busy. Please try again later..
2020/09/16 20:52:07 PLANEX_DOWNLOAD.go:125: Server too busy. Please try again later..
2020/09/16 20:52:07 PLANEX_DOWNLOAD.go:47: apireturn is timeout!
2020/09/16 20:52:12 PLANEX_DOWNLOAD.go:125: Server too busy. Please try again later..
2020/09/16 20:52:12 PLANEX_DOWNLOAD.go:125: Server too busy. Please try again later..
2020/09/16 20:52:12 PLANEX_DOWNLOAD.go:125: Server too busy. Please try again later..
2020/09/16 20:52:12 PLANEX_DOWNLOAD.go:125: Server too busy. Please try again later..
2020/09/16 20:52:12 PLANEX_DOWNLOAD.go:125: Server too busy. Please try again later..
2020/09/16 20:52:12 PLANEX_DOWNLOAD.go:125: Server too busy. Please try again later..
2020/09/16 20:52:12 PLANEX_DOWNLOAD.go:125: Server too busy. Please try again later..
2020/09/16 20:52:12 PLANEX_DOWNLOAD.go:125: Server too busy. Please try again later..
2020/09/16 21:00:23 PLANEX_DOWNLOAD.go:125: Server too busy. Please try again later..
2020/09/16 21:00:23 PLANEX_DOWNLOAD.go:125: Server too busy. Please try again later..
2020/09/16 21:00:24 PLANEX_DOWNLOAD.go:125: Server too busy. Please try again later..
2020/09/16 21:00:24 PLANEX_DOWNLOAD.go:125: Server too busy. Please try again later..
2020/09/16 21:00:24 PLANEX_DOWNLOAD.go:125: Server too busy. Please try again later..
2020/09/16 21:00:24 PLANEX_DOWNLOAD.go:125: Server too busy. Please try again later..
2020/09/16 21:00:24 PLANEX_DOWNLOAD.go:125: Server too busy. Please try again later..
2020/09/16 21:00:24 PLANEX_DOWNLOAD.go:125: Server too busy. Please try again later..
2020/09/16 21:00:24 PLANEX_DOWNLOAD.go:125: Server too busy. Please try again later..
2020/09/16 21:00:25 PLANEX_DOWNLOAD.go:125: Server too busy. Please try again later..
2020/09/16 21:00:25 PLANEX_DOWNLOAD.go:125: Server too busy. Please try again later..
2020/09/16 21:00:25 PLANEX_DOWNLOAD.go:125: Server too busy. Please try again later..
2020/09/16 21:00:25 PLANEX_DOWNLOAD.go:125: Server too busy. Please try again later..
2020/09/16 21:00:25 PLANEX_DOWNLOAD.go:125: Server too busy. Please try again later..
2020/09/16 21:00:25 PLANEX_DOWNLOAD.go:125: Server too busy. Please try again later..
2020/09/16 21:00:25 PLANEX_DOWNLOAD.go:125: Server too busy. Please try again later..
2020/09/16 21:00:25 PLANEX_DOWNLOAD.go:125: Server too busy. Please try again later..
2020/09/16 21:00:25 PLANEX_DOWNLOAD.go:47: apireturn is timeout!
2020/09/16 21:00:28 PLANEX_DOWNLOAD.go:125: Server too busy. Please try again later..
2020/09/16 21:00:28 PLANEX_DOWNLOAD.go:125: Server too busy. Please try again later..
2020/09/16 21:00:28 PLANEX_DOWNLOAD.go:125: Server too busy. Please try again later..
2020/09/16 21:00:28 PLANEX_DOWNLOAD.go:125: Server too busy. Please try again later..
2020/09/16 21:00:28 PLANEX_DOWNLOAD.go:125: Server too busy. Please try again later..
2020/09/16 21:00:28 PLANEX_DOWNLOAD.go:125: Server too busy. Please try again later..
2020/09/16 21:01:55 PLANEX_DOWNLOAD.go:125: Server too busy. Please try again later..
2020/09/16 21:01:55 PLANEX_DOWNLOAD.go:125: Server too busy. Please try again later..
2020/09/16 21:01:55 PLANEX_DOWNLOAD.go:125: Server too busy. Please try again later..
2020/09/16 21:01:55 PLANEX_DOWNLOAD.go:125: Server too busy. Please try again later..
2020/09/16 21:01:56 PLANEX_DOWNLOAD.go:125: Server too busy. Please try again later..
2020/09/16 21:01:56 PLANEX_DOWNLOAD.go:125: Server too busy. Please try again later..
2020/09/16 21:01:56 PLANEX_DOWNLOAD.go:125: Server too busy. Please try again later..
2020/09/16 21:01:56 PLANEX_DOWNLOAD.go:125: Server too busy. Please try again later..
2020/09/16 21:01:56 PLANEX_DOWNLOAD.go:125: Server too busy. Please try again later..
2020/09/16 21:01:56 PLANEX_DOWNLOAD.go:125: Server too busy. Please try again later..
2020/09/16 21:01:56 PLANEX_DOWNLOAD.go:47: apireturn is timeout!
2020/09/16 21:01:59 PLANEX_DOWNLOAD.go:125: Server too busy. Please try again later..
2020/09/16 21:01:59 PLANEX_DOWNLOAD.go:125: Server too busy. Please try again later..
2020/09/16 21:01:59 PLANEX_DOWNLOAD.go:125: Server too busy. Please try again later..
2020/09/16 21:01:59 PLANEX_DOWNLOAD.go:125: Server too busy. Please try again later..
2020/09/16 21:01:59 PLANEX_DOWNLOAD.go:125: Server too busy. Please try again later..
2020/09/16 21:02:43 PLANEX_DOWNLOAD.go:125: Server too busy. Please try again later..
2020/09/16 21:02:43 PLANEX_DOWNLOAD.go:125: Server too busy. Please try again later..
2020/09/16 21:02:43 PLANEX_DOWNLOAD.go:125: Server too busy. Please try again later..
2020/09/16 21:02:43 PLANEX_DOWNLOAD.go:125: Server too busy. Please try again later..
2020/09/16 21:02:43 PLANEX_DOWNLOAD.go:125: Server too busy. Please try again later..
2020/09/16 21:05:09 PLANEX_DOWNLOAD.go:125: Server too busy. Please try again later..
2020/09/16 21:05:09 PLANEX_DOWNLOAD.go:125: Server too busy. Please try again later..
2020/09/16 21:05:09 PLANEX_DOWNLOAD.go:125: Server too busy. Please try again later..
2020/09/16 21:05:09 PLANEX_DOWNLOAD.go:125: Server too busy. Please try again later..
2020/09/16 21:05:09 PLANEX_DOWNLOAD.go:125: Server too busy. Please try again later..
2020/09/16 21:05:09 PLANEX_DOWNLOAD.go:125: Server too busy. Please try again later..
2020/09/16 21:05:10 PLANEX_DOWNLOAD.go:125: Server too busy. Please try again later..
2020/09/16 21:05:10 PLANEX_DOWNLOAD.go:125: Server too busy. Please try again later..
2020/09/16 21:05:10 PLANEX_DOWNLOAD.go:125: Server too busy. Please try again later..
2020/09/16 21:05:10 PLANEX_DOWNLOAD.go:125: Server too busy. Please try again later..
2020/09/16 21:05:10 PLANEX_DOWNLOAD.go:125: Server too busy. Please try again later..
2020/09/16 21:05:10 PLANEX_DOWNLOAD.go:125: Server too busy. Please try again later..
2020/09/16 21:05:10 PLANEX_DOWNLOAD.go:47: apireturn is timeout!
2020/09/16 21:05:11 PLANEX_DOWNLOAD.go:125: Server too busy. Please try again later..
2020/09/16 21:05:11 PLANEX_DOWNLOAD.go:125: Server too busy. Please try again later..
2020/09/16 21:05:36 PLANEX_DOWNLOAD.go:125: Server too busy. Please try again later..
2020/09/16 21:05:36 PLANEX_DOWNLOAD.go:125: Server too busy. Please try again later..
2020/09/16 21:05:36 PLANEX_DOWNLOAD.go:125: Server too busy. Please try again later..
2020/09/16 21:05:36 PLANEX_DOWNLOAD.go:125: Server too busy. Please try again later..
2020/09/16 21:05:36 PLANEX_DOWNLOAD.go:125: Server too busy. Please try again later..
2020/09/16 21:05:36 PLANEX_DOWNLOAD.go:125: Server too busy. Please try again later..
2020/09/16 21:05:36 PLANEX_DOWNLOAD.go:125: Server too busy. Please try again later..
2020/09/16 21:05:36 PLANEX_DOWNLOAD.go:125: Server too busy. Please try again later..
2020/09/16 21:05:36 PLANEX_DOWNLOAD.go:125: Server too busy. Please try again later..
2020/09/16 21:05:36 PLANEX_DOWNLOAD.go:125: Server too busy. Please try again later..
2020/09/16 21:05:36 PLANEX_DOWNLOAD.go:47: apireturn is timeout!
2020/09/16 21:05:45 PLANEX_DOWNLOAD.go:125: Server too busy. Please try again later..
2020/09/16 21:05:45 PLANEX_DOWNLOAD.go:125: Server too busy. Please try again later..
2020/09/16 21:05:45 PLANEX_DOWNLOAD.go:125: Server too busy. Please try again later..
2020/09/16 21:05:45 PLANEX_DOWNLOAD.go:125: Server too busy. Please try again later..
2020/09/16 21:05:45 PLANEX_DOWNLOAD.go:125: Server too busy. Please try again later..
2020/09/16 21:05:45 PLANEX_DOWNLOAD.go:125: Server too busy. Please try again later..
2020/09/16 21:05:46 PLANEX_DOWNLOAD.go:125: Server too busy. Please try again later..
2020/09/16 21:05:46 PLANEX_DOWNLOAD.go:125: Server too busy. Please try again later..
2020/09/16 21:05:46 PLANEX_DOWNLOAD.go:125: Server too busy. Please try again later..
2020/09/16 21:05:46 PLANEX_DOWNLOAD.go:125: Server too busy. Please try again later..
2020/09/16 21:05:46 PLANEX_DOWNLOAD.go:125: Server too busy. Please try again later..
2020/09/16 21:05:46 PLANEX_DOWNLOAD.go:47: apireturn is timeout!
2020/09/16 21:05:48 PLANEX_DOWNLOAD.go:125: Server too busy. Please try again later..
2020/09/16 21:05:48 PLANEX_DOWNLOAD.go:125: Server too busy. Please try again later..
2020/09/16 21:05:48 PLANEX_DOWNLOAD.go:125: Server too busy. Please try again later..
2020/09/16 21:05:48 PLANEX_DOWNLOAD.go:125: Server too busy. Please try again later..
2020/09/16 21:05:49 PLANEX_DOWNLOAD.go:125: Server too busy. Please try again later..
2020/09/16 21:05:49 PLANEX_DOWNLOAD.go:125: Server too busy. Please try again later..
2020/09/16 21:05:49 PLANEX_DOWNLOAD.go:125: Server too busy. Please try again later..
2020/09/16 21:05:49 PLANEX_DOWNLOAD.go:125: Server too busy. Please try again later..
2020/09/16 21:05:49 PLANEX_DOWNLOAD.go:125: Server too busy. Please try again later..
2020/09/16 21:05:49 PLANEX_DOWNLOAD.go:125: Server too busy. Please try again later..
2020/09/16 21:05:49 PLANEX_DOWNLOAD.go:47: apireturn is timeout!
2020/09/16 21:05:50 PLANEX_DOWNLOAD.go:125: Server too busy. Please try again later..
2020/09/16 21:05:50 PLANEX_DOWNLOAD.go:125: Server too busy. Please try again later..
2020/09/16 21:05:50 PLANEX_DOWNLOAD.go:125: Server too busy. Please try again later..
2020/09/16 21:05:51 PLANEX_DOWNLOAD.go:125: Server too busy. Please try again later..
2020/09/16 21:05:51 PLANEX_DOWNLOAD.go:125: Server too busy. Please try again later..
2020/09/16 21:05:51 PLANEX_DOWNLOAD.go:125: Server too busy. Please try again later..
2020/09/16 21:05:51 PLANEX_DOWNLOAD.go:125: Server too busy. Please try again later..
2020/09/16 21:05:51 PLANEX_DOWNLOAD.go:125: Server too busy. Please try again later..
2020/09/16 21:05:51 PLANEX_DOWNLOAD.go:125: Server too busy. Please try again later..
2020/09/16 21:05:51 PLANEX_DOWNLOAD.go:125: Server too busy. Please try again later..
2020/09/16 21:05:51 PLANEX_DOWNLOAD.go:47: apireturn is timeout!
2020/09/16 21:05:52 PLANEX_DOWNLOAD.go:125: Server too busy. Please try again later..
2020/09/16 21:05:52 PLANEX_DOWNLOAD.go:125: Server too busy. Please try again later..
2020/09/17 09:12:35 PLANEX_DOWNLOAD.go:127: Server too busy. Please try again later..
2020/09/17 09:12:35 PLANEX_DOWNLOAD.go:127: Server too busy. Please try again later..
2020/09/17 09:17:04 PLANEX_DOWNLOAD.go:127: Server too busy. Please try again later..
2020/09/17 09:17:04 PLANEX_DOWNLOAD.go:128: 503
2020/09/17 09:17:04 PLANEX_DOWNLOAD.go:127: Server too busy. Please try again later..
2020/09/17 09:17:04 PLANEX_DOWNLOAD.go:128: 503
2020/09/17 09:17:05 PLANEX_DOWNLOAD.go:127: Server too busy. Please try again later..
2020/09/17 09:17:05 PLANEX_DOWNLOAD.go:128: 503
2020/09/17 09:20:47 PLANEX_DOWNLOAD.go:127: Server too busy. Please try again later..
2020/09/17 09:20:47 PLANEX_DOWNLOAD.go:128: 503
2020/09/17 09:20:47 PLANEX_DOWNLOAD.go:127: Server too busy. Please try again later..
2020/09/17 09:20:47 PLANEX_DOWNLOAD.go:128: 503
2020/09/17 09:20:47 PLANEX_DOWNLOAD.go:127: Server too busy. Please try again later..
2020/09/17 09:20:47 PLANEX_DOWNLOAD.go:128: 503
2020/09/17 09:20:47 PLANEX_DOWNLOAD.go:127: Server too busy. Please try again later..
2020/09/17 09:20:47 PLANEX_DOWNLOAD.go:128: 503
2020/09/17 09:20:48 PLANEX_DOWNLOAD.go:127: Server too busy. Please try again later..
2020/09/17 09:20:48 PLANEX_DOWNLOAD.go:128: 503
2020/09/17 09:20:48 PLANEX_DOWNLOAD.go:127: Server too busy. Please try again later..
2020/09/17 09:20:48 PLANEX_DOWNLOAD.go:128: 503
2020/09/17 09:20:48 PLANEX_DOWNLOAD.go:127: Server too busy. Please try again later..
2020/09/17 09:20:48 PLANEX_DOWNLOAD.go:128: 503
2020/09/17 09:20:48 PLANEX_DOWNLOAD.go:127: Server too busy. Please try again later..
2020/09/17 09:20:48 PLANEX_DOWNLOAD.go:128: 503
2020/09/17 09:22:02 PLANEX_DOWNLOAD.go:127: Server too busy. Please try again later..
2020/09/17 09:22:02 PLANEX_DOWNLOAD.go:128: 503
2020/09/17 09:22:02 PLANEX_DOWNLOAD.go:127: Server too busy. Please try again later..
2020/09/17 09:22:02 PLANEX_DOWNLOAD.go:128: 503
2020/09/17 09:22:02 PLANEX_DOWNLOAD.go:127: Server too busy. Please try again later..
2020/09/17 09:22:02 PLANEX_DOWNLOAD.go:128: 503
2020/09/17 09:22:02 PLANEX_DOWNLOAD.go:127: Server too busy. Please try again later..
2020/09/17 09:22:02 PLANEX_DOWNLOAD.go:128: 503
2020/09/17 09:22:02 PLANEX_DOWNLOAD.go:127: Server too busy. Please try again later..
2020/09/17 09:22:02 PLANEX_DOWNLOAD.go:128: 503
2020/09/17 09:22:02 PLANEX_DOWNLOAD.go:127: Server too busy. Please try again later..
2020/09/17 09:22:02 PLANEX_DOWNLOAD.go:128: 503
2020/09/17 09:22:02 PLANEX_DOWNLOAD.go:127: Server too busy. Please try again later..
2020/09/17 09:22:02 PLANEX_DOWNLOAD.go:128: 503
2020/09/17 09:22:02 PLANEX_DOWNLOAD.go:127: Server too busy. Please try again later..
2020/09/17 09:22:02 PLANEX_DOWNLOAD.go:128: 503
2020/09/17 09:22:03 PLANEX_DOWNLOAD.go:127: Server too busy. Please try again later..
2020/09/17 09:22:03 PLANEX_DOWNLOAD.go:128: 503
2020/09/17 09:22:03 PLANEX_DOWNLOAD.go:127: Server too busy. Please try again later..
2020/09/17 09:22:03 PLANEX_DOWNLOAD.go:128: 503
2020/09/17 09:22:03 PLANEX_DOWNLOAD.go:127: Server too busy. Please try again later..
2020/09/17 09:22:03 PLANEX_DOWNLOAD.go:128: 503
2020/09/17 09:22:03 PLANEX_DOWNLOAD.go:127: Server too busy. Please try again later..
2020/09/17 09:22:03 PLANEX_DOWNLOAD.go:128: 503
2020/09/17 09:31:00 PLANEX_DOWNLOAD.go:128: Server too busy. Please try again later..:503 Too busy, try again later
2020/09/17 09:31:00 PLANEX_DOWNLOAD.go:128: Server too busy. Please try again later..:503 Too busy, try again later
2020/09/17 09:31:00 PLANEX_DOWNLOAD.go:128: Server too busy. Please try again later..:503 Too busy, try again later
2020/09/17 09:31:01 PLANEX_DOWNLOAD.go:128: Server too busy. Please try again later..:503 Too busy, try again later
2020/09/17 09:31:01 PLANEX_DOWNLOAD.go:128: Server too busy. Please try again later..:503 Too busy, try again later
2020/09/17 09:31:01 PLANEX_DOWNLOAD.go:128: Server too busy. Please try again later..:503 Too busy, try again later
2020/09/17 09:31:01 PLANEX_DOWNLOAD.go:128: Server too busy. Please try again later..:503 Too busy, try again later
2020/09/17 09:37:11 PLANEX_DOWNLOAD.go:127: Server too busy. Please try again later..:503 Too busy, try again later
2020/09/17 09:37:12 PLANEX_DOWNLOAD.go:127: Server too busy. Please try again later..:503 Too busy, try again later
2020/09/17 09:37:12 PLANEX_DOWNLOAD.go:127: Server too busy. Please try again later..:503 Too busy, try again later
2020/09/17 09:37:12 PLANEX_DOWNLOAD.go:127: Server too busy. Please try again later..:503 Too busy, try again later
2020/09/17 09:37:12 PLANEX_DOWNLOAD.go:127: Server too busy. Please try again later..:503 Too busy, try again later
2020/09/17 09:39:05 PLANEX_DOWNLOAD.go:127: Server too busy. Please try again later..:503 Too busy, try again later
2020/09/17 09:39:05 PLANEX_DOWNLOAD.go:127: Server too busy. Please try again later..:503 Too busy, try again later
2020/09/17 09:39:05 PLANEX_DOWNLOAD.go:127: Server too busy. Please try again later..:503 Too busy, try again later
2020/09/17 09:39:23 PLANEX_DOWNLOAD.go:128: Server too busy. Please try again later..:503 Too busy, try again later
2020/09/17 10:01:04 PLANEX_DOWNLOAD.go:127: Server too busy. Please try again later..:503 Too busy, try again later
2020/09/17 10:01:04 PLANEX_DOWNLOAD.go:127: Server too busy. Please try again later..:503 Too busy, try again later
2020/09/17 10:01:04 PLANEX_DOWNLOAD.go:127: Server too busy. Please try again later..:503 Too busy, try again later
2020/09/17 10:01:04 PLANEX_DOWNLOAD.go:127: Server too busy. Please try again later..:503 Too busy, try again later
2020/09/17 10:01:05 PLANEX_DOWNLOAD.go:127: Server too busy. Please try again later..:503 Too busy, try again later
2020/09/17 10:01:05 PLANEX_DOWNLOAD.go:127: Server too busy. Please try again later..:503 Too busy, try again later
2020/09/17 10:03:33 PLANEX_DOWNLOAD.go:127: Server too busy. Please try again later..:503 Too busy, try again later
2020/09/17 10:03:33 PLANEX_DOWNLOAD.go:127: Server too busy. Please try again later..:503 Too busy, try again later
2020/09/17 10:03:33 PLANEX_DOWNLOAD.go:127: Server too busy. Please try again later..:503 Too busy, try again later
2020/09/17 10:07:47 PLANEX_DOWNLOAD.go:127: Server too busy. Please try again later..:503 Too busy, try again later
2020/09/17 10:07:47 PLANEX_DOWNLOAD.go:127: Server too busy. Please try again later..:503 Too busy, try again later
2020/09/17 10:07:47 PLANEX_DOWNLOAD.go:127: Server too busy. Please try again later..:503 Too busy, try again later
2020/09/17 10:07:48 PLANEX_DOWNLOAD.go:127: Server too busy. Please try again later..:503 Too busy, try again later
2020/09/17 10:07:48 PLANEX_DOWNLOAD.go:127: Server too busy. Please try again later..:503 Too busy, try again later
2020/09/17 10:07:48 PLANEX_DOWNLOAD.go:127: Server too busy. Please try again later..:503 Too busy, try again later
2020/09/17 10:07:48 PLANEX_DOWNLOAD.go:127: Server too busy. Please try again later..:503 Too busy, try again later
2020/09/17 10:08:21 PLANEX_DOWNLOAD.go:127: Server too busy. Please try again later..:503 Too busy, try again later
2020/09/17 10:09:07 PLANEX_DOWNLOAD.go:127: Server too busy. Please try again later..:503 Too busy, try again later
2020/09/17 10:09:07 PLANEX_DOWNLOAD.go:127: Server too busy. Please try again later..:503 Too busy, try again later
2020/09/17 10:09:08 PLANEX_DOWNLOAD.go:127: Server too busy. Please try again later..:503 Too busy, try again later
2020/09/17 10:09:08 PLANEX_DOWNLOAD.go:127: Server too busy. Please try again later..:503 Too busy, try again later
2020/09/17 10:09:08 PLANEX_DOWNLOAD.go:127: Server too busy. Please try again later..:503 Too busy, try again later
2020/09/17 10:09:08 PLANEX_DOWNLOAD.go:127: Server too busy. Please try again later..:503 Too busy, try again later
2020/09/17 10:15:07 PLANEX_DOWNLOAD.go:127: Server too busy. Please try again later..:503 Too busy, try again later
2020/09/17 10:15:07 PLANEX_DOWNLOAD.go:127: Server too busy. Please try again later..:503 Too busy, try again later
2020/09/17 10:15:07 PLANEX_DOWNLOAD.go:127: Server too busy. Please try again later..:503 Too busy, try again later
2020/09/17 10:15:07 PLANEX_DOWNLOAD.go:127: Server too busy. Please try again later..:503 Too busy, try again later
2020/09/17 10:15:07 PLANEX_DOWNLOAD.go:127: Server too busy. Please try again later..:503 Too busy, try again later
2020/09/17 10:15:07 PLANEX_DOWNLOAD.go:127: Server too busy. Please try again later..:503 Too busy, try again later
2020/09/17 10:15:08 PLANEX_DOWNLOAD.go:127: Server too busy. Please try again later..:503 Too busy, try again later
2020/09/17 10:15:08 PLANEX_DOWNLOAD.go:127: Server too busy. Please try again later..:503 Too busy, try again later
2020/09/17 10:15:08 PLANEX_DOWNLOAD.go:127: Server too busy. Please try again later..:503 Too busy, try again later
2020/09/18 12:55:50 PLANEX_DOWNLOAD.go:132: Server too busy. Please try again later..:503 Too busy, try again later
2020/09/18 12:55:51 PLANEX_DOWNLOAD.go:54: csvfile create or open failed
2020/09/18 12:55:59 PLANEX_DOWNLOAD.go:132: Server too busy. Please try again later..:503 Too busy, try again later
2020/09/18 12:55:59 PLANEX_DOWNLOAD.go:132: Server too busy. Please try again later..:503 Too busy, try again later
2020/09/18 12:56:00 PLANEX_DOWNLOAD.go:132: Server too busy. Please try again later..:503 Too busy, try again later
2020/09/18 12:56:00 PLANEX_DOWNLOAD.go:132: Server too busy. Please try again later..:503 Too busy, try again later
2020/09/18 12:56:00 PLANEX_DOWNLOAD.go:54: csvfile create or open failed
2020/09/18 12:57:05 PLANEX_DOWNLOAD.go:132: Server too busy. Please try again later..:503 Too busy, try again later
2020/09/18 12:57:05 PLANEX_DOWNLOAD.go:132: Server too busy. Please try again later..:503 Too busy, try again later
2020/09/18 12:57:05 PLANEX_DOWNLOAD.go:132: Server too busy. Please try again later..:503 Too busy, try again later
2020/09/18 12:57:05 PLANEX_DOWNLOAD.go:132: Server too busy. Please try again later..:503 Too busy, try again later
2020/09/18 12:57:05 PLANEX_DOWNLOAD.go:132: Server too busy. Please try again later..:503 Too busy, try again later
2020/09/18 12:57:05 PLANEX_DOWNLOAD.go:132: Server too busy. Please try again later..:503 Too busy, try again later
2020/09/18 12:57:05 PLANEX_DOWNLOAD.go:132: Server too busy. Please try again later..:503 Too busy, try again later
2020/09/18 12:57:05 PLANEX_DOWNLOAD.go:132: Server too busy. Please try again later..:503 Too busy, try again later
2020/09/18 12:57:05 PLANEX_DOWNLOAD.go:132: Server too busy. Please try again later..:503 Too busy, try again later
2020/09/18 12:57:05 PLANEX_DOWNLOAD.go:132: Server too busy. Please try again later..:503 Too busy, try again later
2020/09/18 12:57:06 PLANEX_DOWNLOAD.go:132: Server too busy. Please try again later..:503 Too busy, try again later
2020/09/18 13:00:20 PLANEX_DOWNLOAD.go:131: 2:503 Too busy, try again later
2020/09/18 13:00:20 PLANEX_DOWNLOAD.go:131: :503 Too busy, try again later
2020/09/18 13:00:20 PLANEX_DOWNLOAD.go:131: 2:503 Too busy, try again later
2020/09/18 13:00:20 PLANEX_DOWNLOAD.go:131: :503 Too busy, try again later
2020/09/18 13:00:20 PLANEX_DOWNLOAD.go:131: 2:503 Too busy, try again later
2020/09/18 13:00:20 PLANEX_DOWNLOAD.go:131: :503 Too busy, try again later
2020/09/18 13:00:20 PLANEX_DOWNLOAD.go:131: :503 Too busy, try again later
2020/09/18 13:00:20 PLANEX_DOWNLOAD.go:131: 2:503 Too busy, try again later
2020/09/18 13:00:20 PLANEX_DOWNLOAD.go:131: :503 Too busy, try again later
2020/09/18 13:00:20 PLANEX_DOWNLOAD.go:131: 2:503 Too busy, try again later
2020/09/18 13:00:20 PLANEX_DOWNLOAD.go:131: :503 Too busy, try again later
2020/09/18 13:00:20 PLANEX_DOWNLOAD.go:131: 2:503 Too busy, try again later
2020/09/18 13:00:20 PLANEX_DOWNLOAD.go:131: :503 Too busy, try again later
2020/09/18 13:00:20 PLANEX_DOWNLOAD.go:131: 2:503 Too busy, try again later
2020/09/18 13:00:20 PLANEX_DOWNLOAD.go:131: :503 Too busy, try again later
2020/09/18 13:00:20 PLANEX_DOWNLOAD.go:131: 2:503 Too busy, try again later
2020/09/18 13:00:20 PLANEX_DOWNLOAD.go:131: :503 Too busy, try again later
2020/09/18 13:00:20 PLANEX_DOWNLOAD.go:131: 2:503 Too busy, try again later
2020/09/18 13:00:20 PLANEX_DOWNLOAD.go:131: :503 Too busy, try again later
2020/09/18 13:00:20 PLANEX_DOWNLOAD.go:131: 2:503 Too busy, try again later
2020/09/18 13:00:20 PLANEX_DOWNLOAD.go:131: :503 Too busy, try again later
2020/09/18 13:00:20 PLANEX_DOWNLOAD.go:131: 2:503 Too busy, try again later
2020/09/18 13:00:21 PLANEX_DOWNLOAD.go:131: :503 Too busy, try again later
2020/09/18 13:00:21 PLANEX_DOWNLOAD.go:131: :503 Too busy, try again later
2020/09/18 13:00:21 PLANEX_DOWNLOAD.go:131: :503 Too busy, try again later
2020/09/18 13:00:21 PLANEX_DOWNLOAD.go:131: :503 Too busy, try again later
2020/09/18 13:00:21 PLANEX_DOWNLOAD.go:131: :503 Too busy, try again later
2020/09/18 13:00:21 PLANEX_DOWNLOAD.go:131: :503 Too busy, try again later
2020/09/18 13:00:21 PLANEX_DOWNLOAD.go:131: :503 Too busy, try again later
2020/09/18 13:00:21 PLANEX_DOWNLOAD.go:131: :503 Too busy, try again later
2020/09/18 13:00:21 PLANEX_DOWNLOAD.go:131: :503 Too busy, try again later
2020/09/18 13:00:21 PLANEX_DOWNLOAD.go:50: API
2020/09/18 13:00:28 PLANEX_DOWNLOAD.go:131: :503 Too busy, try again later
2020/09/18 13:00:28 PLANEX_DOWNLOAD.go:131: :503 Too busy, try again later
2020/09/18 13:00:28 PLANEX_DOWNLOAD.go:131: :503 Too busy, try again later
2020/09/18 13:00:28 PLANEX_DOWNLOAD.go:131: :503 Too busy, try again later
2020/09/18 13:00:28 PLANEX_DOWNLOAD.go:131: :503 Too busy, try again later
2020/09/18 13:00:28 PLANEX_DOWNLOAD.go:131: :503 Too busy, try again later
2020/09/18 13:00:28 PLANEX_DOWNLOAD.go:131: :503 Too busy, try again later
2020/09/18 13:00:28 PLANEX_DOWNLOAD.go:131: :503 Too busy, try again later
2020/09/18 13:00:28 PLANEX_DOWNLOAD.go:131: :503 Too busy, try again later
2020/09/18 13:00:28 PLANEX_DOWNLOAD.go:131: :503 Too busy, try again later
2020/09/18 13:00:28 PLANEX_DOWNLOAD.go:131: :503 Too busy, try again later
2020/09/18 13:00:28 PLANEX_DOWNLOAD.go:131: :503 Too busy, try again later
2020/09/18 13:00:28 PLANEX_DOWNLOAD.go:131: :503 Too busy, try again later
2020/09/18 18:10:30 config.go:48: 2:503 Too busy, try again later
2020/09/18 18:10:30 config.go:48: 2:503 Too busy, try again later
2020/09/18 18:10:30 config.go:48: 2:503 Too busy, try again later
2020/09/18 18:10:30 config.go:48: 2:503 Too busy, try again later
2020/09/18 18:10:30 config.go:48: 2:503 Too busy, try again later
2020/09/18 18:10:30 config.go:48: 2:503 Too busy, try again later
2020/09/18 18:10:30 config.go:48: 2:503 Too busy, try again later
2020/09/18 18:10:30 config.go:48: 2:503 Too busy, try again later
2020/09/18 18:10:30 config.go:48: 2:503 Too busy, try again later
2020/09/18 18:10:30 config.go:48: 2:503 Too busy, try again later
